Log file open, 12/02/20 09:19:34
LogInit: Display: Running engine for game: MyProject5
LogPlatformFile: Not using cached read wrapper
LogTaskGraph: Started task graph with 5 named threads and 23 total threads with 3 sets of task threads.
LogStats: Stats thread started at 0.215008
LogD3D11RHI: Loaded GFSDK_Aftermath_Lib.x64.dll
LogICUInternationalization: ICU TimeZone Detection - Raw Offset: -5:00, Platform Override: ''
LogPluginManager: Mounting plugin Paper2D
LogPluginManager: Mounting plugin AISupport
LogPluginManager: Mounting plugin LightPropagationVolume
LogPluginManager: Mounting plugin CameraShakePreviewer
LogPluginManager: Mounting plugin ActorLayerUtilities
LogPluginManager: Mounting plugin AnimationSharing
LogPluginManager: Mounting plugin CLionSourceCodeAccess
LogPluginManager: Mounting plugin CodeLiteSourceCodeAccess
LogPluginManager: Mounting plugin GitSourceControl
LogPluginManager: Mounting plugin KDevelopSourceCodeAccess
LogPluginManager: Mounting plugin NullSourceCodeAccess
LogPluginManager: Mounting plugin PerforceSourceControl
LogPluginManager: Mounting plugin PlasticSourceControl
LogPluginManager: Mounting plugin RiderSourceCodeAccess
LogPluginManager: Mounting plugin SubversionSourceControl
LogPluginManager: Mounting plugin UObjectPlugin
LogPluginManager: Mounting plugin VisualStudioCodeSourceCodeAccess
LogPluginManager: Mounting plugin VisualStudioSourceCodeAccess
LogPluginManager: Mounting plugin XCodeSourceCodeAccess
LogPluginManager: Mounting plugin AssetManagerEditor
LogPluginManager: Mounting plugin CryptoKeys
LogPluginManager: Mounting plugin CurveEditorTools
LogPluginManager: Mounting plugin DataValidation
LogPluginManager: Mounting plugin EditorScriptingUtilities
LogPluginManager: Mounting plugin FacialAnimation
LogPluginManager: Mounting plugin GameplayTagsEditor
LogPluginManager: Mounting plugin GeometryMode
LogPluginManager: Mounting plugin MacGraphicsSwitching
LogPluginManager: Mounting plugin MaterialAnalyzer
LogPluginManager: Mounting plugin MobileLauncherProfileWizard
LogPluginManager: Mounting plugin PluginBrowser
LogPluginManager: Mounting plugin SpeedTreeImporter
LogPluginManager: Mounting plugin DatasmithContent
LogPluginManager: Mounting plugin VariantManagerContent
LogPluginManager: Mounting plugin AlembicImporter
LogPluginManager: Mounting plugin AutomationUtils
LogPluginManager: Mounting plugin BackChannel
LogPluginManager: Mounting plugin ChaosCloth
LogPluginManager: Mounting plugin ChaosClothEditor
LogPluginManager: Mounting plugin ChaosEditor
LogPluginManager: Mounting plugin ChaosNiagara
LogPluginManager: Mounting plugin ChaosSolverPlugin
LogPluginManager: Mounting plugin CharacterAI
LogPluginManager: Mounting plugin GeometryCache
LogPluginManager: Mounting plugin GeometryCollectionPlugin
LogPluginManager: Mounting plugin GeometryProcessing
LogPluginManager: Mounting plugin PlanarCut
LogPluginManager: Mounting plugin PlatformCrypto
LogPluginManager: Mounting plugin ProxyLODPlugin
LogPluginManager: Mounting plugin SkeletalReduction
LogPluginManager: Mounting plugin Niagara
LogPluginManager: Mounting plugin MagicLeap
LogPluginManager: Mounting plugin MagicLeapLightEstimation
LogPluginManager: Mounting plugin MagicLeapMedia
LogPluginManager: Mounting plugin MagicLeapPassableWorld
LogPluginManager: Mounting plugin MLSDK
LogPluginManager: Mounting plugin AndroidMedia
LogPluginManager: Mounting plugin AvfMedia
LogPluginManager: Mounting plugin ImgMedia
LogPluginManager: Mounting plugin MediaCompositing
LogPluginManager: Mounting plugin MediaPlayerEditor
LogPluginManager: Mounting plugin WebMMedia
LogPluginManager: Mounting plugin WmfMedia
LogPluginManager: Mounting plugin MeshPainting
LogPluginManager: Mounting plugin TcpMessaging
LogPluginManager: Mounting plugin UdpMessaging
LogPluginManager: Mounting plugin ActorSequence
LogPluginManager: Mounting plugin LevelSequenceEditor
LogPluginManager: Mounting plugin MatineeToLevelSequence
LogPluginManager: Mounting plugin MovieRenderPipeline
LogPluginManager: Mounting plugin TemplateSequence
LogPluginManager: Mounting plugin NetcodeUnitTest
LogPluginManager: Mounting plugin NUTUnrealEngine4
LogPluginManager: Mounting plugin OnlineSubsystemGooglePlay
LogPluginManager: Mounting plugin OnlineSubsystemIOS
LogPluginManager: Mounting plugin OnlineSubsystem
LogPluginManager: Mounting plugin OnlineSubsystemNull
LogPluginManager: Mounting plugin OnlineSubsystemUtils
LogPluginManager: Mounting plugin LauncherChunkInstaller
LogPluginManager: Mounting plugin AndroidDeviceProfileSelector
LogPluginManager: Mounting plugin AndroidMoviePlayer
LogPluginManager: Mounting plugin AndroidPermission
LogPluginManager: Mounting plugin AppleImageUtils
LogPluginManager: Mounting plugin AppleMoviePlayer
LogPluginManager: Mounting plugin ArchVisCharacter
LogPluginManager: Mounting plugin AssetTags
LogPluginManager: Mounting plugin AudioCapture
LogPluginManager: Mounting plugin CableComponent
LogPluginManager: Mounting plugin CustomMeshComponent
LogPluginManager: Mounting plugin EditableMesh
LogPluginManager: Mounting plugin ExampleDeviceProfileSelector
LogPluginManager: Mounting plugin GoogleCloudMessaging
LogPluginManager: Mounting plugin GooglePAD
LogPluginManager: Mounting plugin IOSDeviceProfileSelector
LogPluginManager: Mounting plugin LinuxDeviceProfileSelector
LogPluginManager: Mounting plugin LocationServicesBPLibrary
LogPluginManager: Mounting plugin MobilePatchingUtils
LogPluginManager: Mounting plugin OculusVR
LogPluginManager: Mounting plugin PhysXVehicles
LogPluginManager: Mounting plugin PostSplashScreen
LogPluginManager: Mounting plugin ProceduralMeshComponent
LogPluginManager: Mounting plugin RuntimePhysXCooking
LogPluginManager: Mounting plugin SignificanceManager
LogPluginManager: Mounting plugin SoundFields
LogPluginManager: Mounting plugin SteamVR
LogPluginManager: Mounting plugin Synthesis
LogPluginManager: Mounting plugin WebMMoviePlayer
LogPluginManager: Mounting plugin WindowsMoviePlayer
LogPluginManager: Mounting plugin ScreenshotTools
LogInit: Using libcurl 7.55.1-DEV
LogInit:  - built for x86_64-pc-win32
LogInit:  - supports SSL with OpenSSL/1.1.1
LogInit:  - supports HTTP deflate (compression) using libz 1.2.8
LogInit:  - other features:
LogInit:      CURL_VERSION_SSL
LogInit:      CURL_VERSION_LIBZ
LogInit:      CURL_VERSION_IPV6
LogInit:      CURL_VERSION_ASYNCHDNS
LogInit:      CURL_VERSION_LARGEFILE
LogInit:      CURL_VERSION_IDN
LogInit:  CurlRequestOptions (configurable via config and command line):
LogInit:  - bVerifyPeer = true  - Libcurl will verify peer certificate
LogInit:  - bUseHttpProxy = false  - Libcurl will NOT use HTTP proxy
LogInit:  - bDontReuseConnections = false  - Libcurl will reuse connections
LogInit:  - MaxHostConnections = 16  - Libcurl will limit the number of connections to a host
LogInit:  - LocalHostAddr = Default
LogInit:  - BufferSize = 65536
LogOnline: OSS: Creating online subsystem instance for: NULL
LogInit: WinSock: version 1.1 (2.2), MaxSocks=32767, MaxUdp=65467
LogOnline: OSS: TryLoadSubsystemAndSetDefault: Loaded subsystem for module [NULL]
LogOculusPluginWrapper: OculusPlugin initialized successfully
LogHMD: Failed initializing OVRPlugin 1.44.0
LogInit: Build: ++UE4+Release-4.25-CL-14469661
LogInit: Engine Version: 4.25.4-14469661+++UE4+Release-4.25
LogInit: Compatible Engine Version: 4.25.0-13144385+++UE4+Release-4.25
LogInit: Net CL: 13144385
LogInit: OS: Windows 10 (Release 2004) (), CPU: Intel(R) Core(TM) i7-7700HQ CPU @ 2.80GHz, GPU: Intel(R) HD Graphics 630
LogInit: Compiled (64-bit): Oct 11 2020 08:10:49
LogInit: Compiled with Visual C++: 19.24.28315.00
LogInit: Build Configuration: Development
LogInit: Branch Name: ++UE4+Release-4.25
LogInit: Command Line:  -EpicPortal -epicusername=mathew223x -epicuserid=f9d4e7d142dd4d0387ac9d2c288f6028 -epiclocale=en
LogInit: Base Directory: D:/UE4/UE_4.25/Engine/Binaries/Win64/
LogInit: Allocator: TBB
LogInit: Installed Engine Build: 1
LogDevObjectVersion: Number of dev versions registered: 26
LogDevObjectVersion:   Dev-Blueprints (B0D832E4-1F89-4F0D-ACCF-7EB736FD4AA2): 10
LogDevObjectVersion:   Dev-Build (E1C64328-A22C-4D53-A36C-8E866417BD8C): 0
LogDevObjectVersion:   Dev-Core (375EC13C-06E4-48FB-B500-84F0262A717E): 4
LogDevObjectVersion:   Dev-Editor (E4B068ED-F494-42E9-A231-DA0B2E46BB41): 38
LogDevObjectVersion:   Dev-Framework (CFFC743F-43B0-4480-9391-14DF171D2073): 37
LogDevObjectVersion:   Dev-Mobile (B02B49B5-BB20-44E9-A304-32B752E40360): 2
LogDevObjectVersion:   Dev-Networking (A4E4105C-59A1-49B5-A7C5-40C4547EDFEE): 0
LogDevObjectVersion:   Dev-Online (39C831C9-5AE6-47DC-9A44-9C173E1C8E7C): 0
LogDevObjectVersion:   Dev-Physics (78F01B33-EBEA-4F98-B9B4-84EACCB95AA2): 4
LogDevObjectVersion:   Dev-Platform (6631380F-2D4D-43E0-8009-CF276956A95A): 0
LogDevObjectVersion:   Dev-Rendering (12F88B9F-8875-4AFC-A67C-D90C383ABD29): 43
LogDevObjectVersion:   Dev-Sequencer (7B5AE74C-D270-4C10-A958-57980B212A5A): 12
LogDevObjectVersion:   Dev-VR (D7296918-1DD6-4BDD-9DE2-64A83CC13884): 3
LogDevObjectVersion:   Dev-LoadTimes (C2A15278-BFE7-4AFE-6C17-90FF531DF755): 1
LogDevObjectVersion:   Private-Geometry (6EACA3D4-40EC-4CC1-B786-8BED09428FC5): 3
LogDevObjectVersion:   Dev-AnimPhys (29E575DD-E0A3-4627-9D10-D276232CDCEA): 17
LogDevObjectVersion:   Dev-Anim (AF43A65D-7FD3-4947-9873-3E8ED9C1BB05): 7
LogDevObjectVersion:   Dev-ReflectionCapture (6B266CEC-1EC7-4B8F-A30B-E4D90942FC07): 1
LogDevObjectVersion:   Dev-Automation (0DF73D61-A23F-47EA-B727-89E90C41499A): 1
LogDevObjectVersion:   FortniteMain (601D1886-AC64-4F84-AA16-D3DE0DEAC7D6): 31
LogDevObjectVersion:   Dev-Enterprise (9DFFBCD6-494F-0158-E221-12823C92A888): 10
LogDevObjectVersion:   Dev-Niagara (F2AED0AC-9AFE-416F-8664-AA7FFA26D6FC): 1
LogDevObjectVersion:   Dev-Destruction (174F1F0B-B4C6-45A5-B13F-2EE8D0FB917D): 10
LogDevObjectVersion:   Dev-Physics-Ext (35F94A83-E258-406C-A318-09F59610247C): 37
LogDevObjectVersion:   Dev-PhysicsMaterial-Chaos (B68FC16E-8B1B-42E2-B453-215C058844FE): 1
LogDevObjectVersion:   Dev-CineCamera (B2E18506-4273-CFC2-A54E-F4BB758BBA07): 1
LogInit: Presizing for max 25165824 objects, including 0 objects not considered by GC, pre-allocating 0 bytes for permanent pool.
LogConfig: Applying CVar settings from Section [/Script/Engine.StreamingSettings] File [D:/Git_Project/Project1/MyProject5/Saved/Config/Windows/Engine.ini]
LogConfig: Setting CVar [[s.MinBulkDataSizeForAsyncLoading:131072]]
LogConfig: Setting CVar [[s.AsyncLoadingThreadEnabled:0]]
LogConfig: Setting CVar [[s.EventDrivenLoaderEnabled:1]]
LogConfig: Setting CVar [[s.WarnIfTimeLimitExceeded:0]]
LogConfig: Setting CVar [[s.TimeLimitExceededMultiplier:1.5]]
LogConfig: Setting CVar [[s.TimeLimitExceededMinTime:0.005]]
LogConfig: Setting CVar [[s.UseBackgroundLevelStreaming:1]]
LogConfig: Setting CVar [[s.PriorityAsyncLoadingExtraTime:15.0]]
LogConfig: Setting CVar [[s.LevelStreamingActorsUpdateTimeLimit:5.0]]
LogConfig: Setting CVar [[s.PriorityLevelStreamingActorsUpdateExtraTime:5.0]]
LogConfig: Setting CVar [[s.LevelStreamingComponentsRegistrationGranularity:10]]
LogConfig: Setting CVar [[s.UnregisterComponentsTimeLimit:1.0]]
LogConfig: Setting CVar [[s.LevelStreamingComponentsUnregistrationGranularity:5]]
LogConfig: Setting CVar [[s.FlushStreamingOnExit:1]]
LogInit: Object subsystem initialized
LogConfig: Setting CVar [[con.DebugEarlyDefault:1]]
LogConfig: Setting CVar [[r.setres:1280x720]]
[2020.12.02-14.19.35:261][  0]LogConfig: Setting CVar [[r.VSync:0]]
[2020.12.02-14.19.35:261][  0]LogConfig: Setting CVar [[r.RHICmdBypass:0]]
[2020.12.02-14.19.35:261][  0]LogConfig: Applying CVar settings from Section [/Script/Engine.RendererSettings] File [D:/Git_Project/Project1/MyProject5/Saved/Config/Windows/Engine.ini]
[2020.12.02-14.19.35:261][  0]LogConfig: Setting CVar [[r.GPUCrashDebugging:0]]
[2020.12.02-14.19.35:261][  0]LogConfig: Applying CVar settings from Section [/Script/Engine.RendererOverrideSettings] File [D:/Git_Project/Project1/MyProject5/Saved/Config/Windows/Engine.ini]
[2020.12.02-14.19.35:261][  0]LogConfig: Applying CVar settings from Section [/Script/Engine.StreamingSettings] File [D:/Git_Project/Project1/MyProject5/Saved/Config/Windows/Engine.ini]
[2020.12.02-14.19.35:261][  0]LogConfig: Setting CVar [[s.MinBulkDataSizeForAsyncLoading:131072]]
[2020.12.02-14.19.35:261][  0]LogConfig: Setting CVar [[s.AsyncLoadingThreadEnabled:0]]
[2020.12.02-14.19.35:261][  0]LogConfig: Setting CVar [[s.EventDrivenLoaderEnabled:1]]
[2020.12.02-14.19.35:261][  0]LogConfig: Setting CVar [[s.WarnIfTimeLimitExceeded:0]]
[2020.12.02-14.19.35:261][  0]LogConfig: Setting CVar [[s.TimeLimitExceededMultiplier:1.5]]
[2020.12.02-14.19.35:261][  0]LogConfig: Setting CVar [[s.TimeLimitExceededMinTime:0.005]]
[2020.12.02-14.19.35:261][  0]LogConfig: Setting CVar [[s.UseBackgroundLevelStreaming:1]]
[2020.12.02-14.19.35:261][  0]LogConfig: Setting CVar [[s.PriorityAsyncLoadingExtraTime:15.0]]
[2020.12.02-14.19.35:262][  0]LogConfig: Setting CVar [[s.LevelStreamingActorsUpdateTimeLimit:5.0]]
[2020.12.02-14.19.35:262][  0]LogConfig: Setting CVar [[s.PriorityLevelStreamingActorsUpdateExtraTime:5.0]]
[2020.12.02-14.19.35:262][  0]LogConfig: Setting CVar [[s.LevelStreamingComponentsRegistrationGranularity:10]]
[2020.12.02-14.19.35:262][  0]LogConfig: Setting CVar [[s.UnregisterComponentsTimeLimit:1.0]]
[2020.12.02-14.19.35:262][  0]LogConfig: Setting CVar [[s.LevelStreamingComponentsUnregistrationGranularity:5]]
[2020.12.02-14.19.35:262][  0]LogConfig: Setting CVar [[s.FlushStreamingOnExit:1]]
[2020.12.02-14.19.35:262][  0]LogConfig: Applying CVar settings from Section [/Script/Engine.GarbageCollectionSettings] File [D:/Git_Project/Project1/MyProject5/Saved/Config/Windows/Engine.ini]
[2020.12.02-14.19.35:262][  0]LogConfig: Setting CVar [[gc.MaxObjectsNotConsideredByGC:1]]
[2020.12.02-14.19.35:262][  0]LogConfig: Setting CVar [[gc.SizeOfPermanentObjectPool:0]]
[2020.12.02-14.19.35:262][  0]LogConfig: Setting CVar [[gc.FlushStreamingOnGC:0]]
[2020.12.02-14.19.35:262][  0]LogConfig: Setting CVar [[gc.NumRetriesBeforeForcingGC:10]]
[2020.12.02-14.19.35:262][  0]LogConfig: Setting CVar [[gc.AllowParallelGC:1]]
[2020.12.02-14.19.35:262][  0]LogConfig: Setting CVar [[gc.TimeBetweenPurgingPendingKillObjects:61.1]]
[2020.12.02-14.19.35:262][  0]LogConfig: Setting CVar [[gc.MaxObjectsInEditor:25165824]]
[2020.12.02-14.19.35:262][  0]LogConfig: Setting CVar [[gc.IncrementalBeginDestroyEnabled:1]]
[2020.12.02-14.19.35:262][  0]LogConfig: Setting CVar [[gc.CreateGCClusters:1]]
[2020.12.02-14.19.35:262][  0]LogConfig: Setting CVar [[gc.MinGCClusterSize:5]]
[2020.12.02-14.19.35:262][  0]LogConfig: Setting CVar [[gc.ActorClusteringEnabled:0]]
[2020.12.02-14.19.35:262][  0]LogConfig: Setting CVar [[gc.BlueprintClusteringEnabled:0]]
[2020.12.02-14.19.35:262][  0]LogConfig: Setting CVar [[gc.UseDisregardForGCOnDedicatedServers:0]]
[2020.12.02-14.19.35:262][  0]LogConfig: Applying CVar settings from Section [/Script/Engine.NetworkSettings] File [D:/Git_Project/Project1/MyProject5/Saved/Config/Windows/Engine.ini]
[2020.12.02-14.19.35:262][  0]LogConfig: Applying CVar settings from Section [/Script/UnrealEd.CookerSettings] File [D:/Git_Project/Project1/MyProject5/Saved/Config/Windows/Engine.ini]
[2020.12.02-14.19.35:267][  0]LogConfig: Applying CVar settings from Section [ViewDistanceQuality@3] File [D:/Git_Project/Project1/MyProject5/Saved/Config/Windows/Scalability.ini]
[2020.12.02-14.19.35:267][  0]LogConfig: Setting CVar [[r.SkeletalMeshLODBias:0]]
[2020.12.02-14.19.35:267][  0]LogConfig: Setting CVar [[r.ViewDistanceScale:1.0]]
[2020.12.02-14.19.35:267][  0]LogConfig: Applying CVar settings from Section [AntiAliasingQuality@3] File [D:/Git_Project/Project1/MyProject5/Saved/Config/Windows/Scalability.ini]
[2020.12.02-14.19.35:267][  0]LogConfig: Setting CVar [[r.PostProcessAAQuality:4]]
[2020.12.02-14.19.35:267][  0]LogConfig: Applying CVar settings from Section [ShadowQuality@3] File [D:/Git_Project/Project1/MyProject5/Saved/Config/Windows/Scalability.ini]
[2020.12.02-14.19.35:267][  0]LogConfig: Setting CVar [[r.LightFunctionQuality:1]]
[2020.12.02-14.19.35:267][  0]LogConfig: Setting CVar [[r.ShadowQuality:5]]
[2020.12.02-14.19.35:267][  0]LogConfig: Setting CVar [[r.Shadow.CSM.MaxCascades:10]]
[2020.12.02-14.19.35:267][  0]LogConfig: Setting CVar [[r.Shadow.MaxResolution:2048]]
[2020.12.02-14.19.35:267][  0]LogConfig: Setting CVar [[r.Shadow.MaxCSMResolution:2048]]
[2020.12.02-14.19.35:267][  0]LogConfig: Setting CVar [[r.Shadow.RadiusThreshold:0.01]]
[2020.12.02-14.19.35:267][  0]LogConfig: Setting CVar [[r.Shadow.DistanceScale:1.0]]
[2020.12.02-14.19.35:267][  0]LogConfig: Setting CVar [[r.Shadow.CSM.TransitionScale:1.0]]
[2020.12.02-14.19.35:267][  0]LogConfig: Setting CVar [[r.Shadow.PreShadowResolutionFactor:1.0]]
[2020.12.02-14.19.35:267][  0]LogConfig: Setting CVar [[r.DistanceFieldShadowing:1]]
[2020.12.02-14.19.35:267][  0]LogConfig: Setting CVar [[r.DistanceFieldAO:1]]
[2020.12.02-14.19.35:267][  0]LogConfig: Setting CVar [[r.AOQuality:2]]
[2020.12.02-14.19.35:267][  0]LogConfig: Setting CVar [[r.VolumetricFog:1]]
[2020.12.02-14.19.35:267][  0]LogConfig: Setting CVar [[r.VolumetricFog.GridPixelSize:8]]
[2020.12.02-14.19.35:267][  0]LogConfig: Setting CVar [[r.VolumetricFog.GridSizeZ:128]]
[2020.12.02-14.19.35:267][  0]LogConfig: Setting CVar [[r.VolumetricFog.HistoryMissSupersampleCount:4]]
[2020.12.02-14.19.35:267][  0]LogConfig: Setting CVar [[r.LightMaxDrawDistanceScale:1]]
[2020.12.02-14.19.35:267][  0]LogConfig: Setting CVar [[r.CapsuleShadows:1]]
[2020.12.02-14.19.35:267][  0]LogConfig: Applying CVar settings from Section [PostProcessQuality@3] File [D:/Git_Project/Project1/MyProject5/Saved/Config/Windows/Scalability.ini]
[2020.12.02-14.19.35:267][  0]LogConfig: Setting CVar [[r.MotionBlurQuality:4]]
[2020.12.02-14.19.35:267][  0]LogConfig: Setting CVar [[r.AmbientOcclusionMipLevelFactor:0.4]]
[2020.12.02-14.19.35:267][  0]LogConfig: Setting CVar [[r.AmbientOcclusionMaxQuality:100]]
[2020.12.02-14.19.35:267][  0]LogConfig: Setting CVar [[r.AmbientOcclusionLevels:-1]]
[2020.12.02-14.19.35:267][  0]LogConfig: Setting CVar [[r.AmbientOcclusionRadiusScale:1.0]]
[2020.12.02-14.19.35:267][  0]LogConfig: Setting CVar [[r.DepthOfFieldQuality:2]]
[2020.12.02-14.19.35:267][  0]LogConfig: Setting CVar [[r.RenderTargetPoolMin:400]]
[2020.12.02-14.19.35:267][  0]LogConfig: Setting CVar [[r.LensFlareQuality:2]]
[2020.12.02-14.19.35:267][  0]LogConfig: Setting CVar [[r.SceneColorFringeQuality:1]]
[2020.12.02-14.19.35:267][  0]LogConfig: Setting CVar [[r.EyeAdaptationQuality:2]]
[2020.12.02-14.19.35:267][  0]LogConfig: Setting CVar [[r.BloomQuality:5]]
[2020.12.02-14.19.35:267][  0]LogConfig: Setting CVar [[r.FastBlurThreshold:100]]
[2020.12.02-14.19.35:267][  0]LogConfig: Setting CVar [[r.Upscale.Quality:3]]
[2020.12.02-14.19.35:267][  0]LogConfig: Setting CVar [[r.Tonemapper.GrainQuantization:1]]
[2020.12.02-14.19.35:267][  0]LogConfig: Setting CVar [[r.LightShaftQuality:1]]
[2020.12.02-14.19.35:267][  0]LogConfig: Setting CVar [[r.Filter.SizeScale:1]]
[2020.12.02-14.19.35:267][  0]LogConfig: Setting CVar [[r.Tonemapper.Quality:5]]
[2020.12.02-14.19.35:267][  0]LogConfig: Setting CVar [[r.DOF.Gather.AccumulatorQuality:1        ; higher gathering accumulator quality]]
[2020.12.02-14.19.35:267][  0]LogConfig: Setting CVar [[r.DOF.Gather.PostfilterMethod:1          ; Median3x3 postfilering method]]
[2020.12.02-14.19.35:267][  0]LogConfig: Setting CVar [[r.DOF.Gather.EnableBokehSettings:0       ; no bokeh simulation when gathering]]
[2020.12.02-14.19.35:267][  0]LogConfig: Setting CVar [[r.DOF.Gather.RingCount:4                 ; medium number of samples when gathering]]
[2020.12.02-14.19.35:268][  0]LogConfig: Setting CVar [[r.DOF.Scatter.ForegroundCompositing:1    ; additive foreground scattering]]
[2020.12.02-14.19.35:268][  0]LogConfig: Setting CVar [[r.DOF.Scatter.BackgroundCompositing:2    ; additive background scattering]]
[2020.12.02-14.19.35:268][  0]LogConfig: Setting CVar [[r.DOF.Scatter.EnableBokehSettings:1      ; bokeh simulation when scattering]]
[2020.12.02-14.19.35:268][  0]LogConfig: Setting CVar [[r.DOF.Scatter.MaxSpriteRatio:0.1         ; only a maximum of 10% of scattered bokeh]]
[2020.12.02-14.19.35:268][  0]LogConfig: Setting CVar [[r.DOF.Recombine.Quality:1                ; cheap slight out of focus]]
[2020.12.02-14.19.35:268][  0]LogConfig: Setting CVar [[r.DOF.Recombine.EnableBokehSettings:0    ; no bokeh simulation on slight out of focus]]
[2020.12.02-14.19.35:268][  0]LogConfig: Setting CVar [[r.DOF.TemporalAAQuality:1                ; more stable temporal accumulation]]
[2020.12.02-14.19.35:268][  0]LogConfig: Setting CVar [[r.DOF.Kernel.MaxForegroundRadius:0.025]]
[2020.12.02-14.19.35:268][  0]LogConfig: Setting CVar [[r.DOF.Kernel.MaxBackgroundRadius:0.025]]
[2020.12.02-14.19.35:268][  0]LogConfig: Applying CVar settings from Section [TextureQuality@3] File [D:/Git_Project/Project1/MyProject5/Saved/Config/Windows/Scalability.ini]
[2020.12.02-14.19.35:268][  0]LogConfig: Setting CVar [[r.Streaming.MipBias:0]]
[2020.12.02-14.19.35:268][  0]LogConfig: Setting CVar [[r.Streaming.AmortizeCPUToGPUCopy:0]]
[2020.12.02-14.19.35:268][  0]LogConfig: Setting CVar [[r.Streaming.MaxNumTexturesToStreamPerFrame:0]]
[2020.12.02-14.19.35:268][  0]LogConfig: Setting CVar [[r.Streaming.Boost:1]]
[2020.12.02-14.19.35:268][  0]LogConfig: Setting CVar [[r.MaxAnisotropy:8]]
[2020.12.02-14.19.35:268][  0]LogConfig: Setting CVar [[r.VT.MaxAnisotropy:8]]
[2020.12.02-14.19.35:268][  0]LogConfig: Setting CVar [[r.Streaming.LimitPoolSizeToVRAM:0]]
[2020.12.02-14.19.35:268][  0]LogConfig: Setting CVar [[r.Streaming.PoolSize:1000]]
[2020.12.02-14.19.35:268][  0]LogConfig: Setting CVar [[r.Streaming.MaxEffectiveScreenSize:0]]
[2020.12.02-14.19.35:268][  0]LogConfig: Applying CVar settings from Section [EffectsQuality@3] File [D:/Git_Project/Project1/MyProject5/Saved/Config/Windows/Scalability.ini]
[2020.12.02-14.19.35:268][  0]LogConfig: Setting CVar [[r.TranslucencyLightingVolumeDim:64]]
[2020.12.02-14.19.35:268][  0]LogConfig: Setting CVar [[r.RefractionQuality:2]]
[2020.12.02-14.19.35:268][  0]LogConfig: Setting CVar [[r.SSR.Quality:3]]
[2020.12.02-14.19.35:268][  0]LogConfig: Setting CVar [[r.SSR.HalfResSceneColor:0]]
[2020.12.02-14.19.35:268][  0]LogConfig: Setting CVar [[r.SceneColorFormat:4]]
[2020.12.02-14.19.35:268][  0]LogConfig: Setting CVar [[r.DetailMode:2]]
[2020.12.02-14.19.35:268][  0]LogConfig: Setting CVar [[r.TranslucencyVolumeBlur:1]]
[2020.12.02-14.19.35:268][  0]LogConfig: Setting CVar [[r.MaterialQualityLevel:1 ; High quality]]
[2020.12.02-14.19.35:268][  0]LogConfig: Setting CVar [[r.SSS.Scale:1]]
[2020.12.02-14.19.35:268][  0]LogConfig: Setting CVar [[r.SSS.SampleSet:2]]
[2020.12.02-14.19.35:268][  0]LogConfig: Setting CVar [[r.SSS.Quality:1]]
[2020.12.02-14.19.35:268][  0]LogConfig: Setting CVar [[r.SSS.HalfRes:0]]
[2020.12.02-14.19.35:268][  0]LogConfig: Setting CVar [[r.SSGI.Quality:3]]
[2020.12.02-14.19.35:268][  0]LogConfig: Setting CVar [[r.EmitterSpawnRateScale:1.0]]
[2020.12.02-14.19.35:268][  0]LogConfig: Setting CVar [[r.ParticleLightQuality:2]]
[2020.12.02-14.19.35:268][  0]LogConfig: Setting CVar [[r.SkyAtmosphere.AerialPerspectiveLUT.FastApplyOnOpaque:1 ; Always have FastSkyLUT 1 in this case to avoid wrong sky]]
[2020.12.02-14.19.35:268][  0]LogConfig: Setting CVar [[r.SkyAtmosphere.AerialPerspectiveLUT.SampleCountPerSlice:1]]
[2020.12.02-14.19.35:268][  0]LogConfig: Setting CVar [[r.SkyAtmosphere.AerialPerspectiveLUT.DepthResolution:16.0]]
[2020.12.02-14.19.35:268][  0]LogConfig: Setting CVar [[r.SkyAtmosphere.FastSkyLUT:1]]
[2020.12.02-14.19.35:268][  0]LogConfig: Setting CVar [[r.SkyAtmosphere.FastSkyLUT.SampleCountMin:4.0]]
[2020.12.02-14.19.35:268][  0]LogConfig: Setting CVar [[r.SkyAtmosphere.FastSkyLUT.SampleCountMax:32.0]]
[2020.12.02-14.19.35:268][  0]LogConfig: Setting CVar [[r.SkyAtmosphere.SampleCountMin:4.0]]
[2020.12.02-14.19.35:268][  0]LogConfig: Setting CVar [[r.SkyAtmosphere.SampleCountMax:32.0]]
[2020.12.02-14.19.35:268][  0]LogConfig: Setting CVar [[r.SkyAtmosphere.TransmittanceLUT.UseSmallFormat:0]]
[2020.12.02-14.19.35:268][  0]LogConfig: Setting CVar [[r.SkyAtmosphere.TransmittanceLUT.SampleCount:10.0]]
[2020.12.02-14.19.35:268][  0]LogConfig: Setting CVar [[r.SkyAtmosphere.MultiScatteringLUT.SampleCount:15.0]]
[2020.12.02-14.19.35:268][  0]LogConfig: Applying CVar settings from Section [FoliageQuality@3] File [D:/Git_Project/Project1/MyProject5/Saved/Config/Windows/Scalability.ini]
[2020.12.02-14.19.35:268][  0]LogConfig: Setting CVar [[foliage.DensityScale:1.0]]
[2020.12.02-14.19.35:268][  0]LogConfig: Setting CVar [[grass.DensityScale:1.0]]
[2020.12.02-14.19.35:268][  0]LogConfig: Applying CVar settings from Section [ShadingQuality@3] File [D:/Git_Project/Project1/MyProject5/Saved/Config/Windows/Scalability.ini]
[2020.12.02-14.19.35:268][  0]LogConfig: Setting CVar [[r.HairStrands.SkyLighting.SampleCount:16]]
[2020.12.02-14.19.35:268][  0]LogConfig: Setting CVar [[r.HairStrands.SkyLighting.JitterIntegration:0]]
[2020.12.02-14.19.35:268][  0]LogConfig: Setting CVar [[r.HairStrands.SkyAO.SampleCount:16]]
[2020.12.02-14.19.35:268][  0]LogConfig: Setting CVar [[r.HairStrands.DeepShadow.SuperSampling:0]]
[2020.12.02-14.19.35:268][  0]LogConfig: Setting CVar [[r.HairStrands.VisibilityPPLL:0]]
[2020.12.02-14.19.35:268][  0]LogConfig: Setting CVar [[r.HairStrands.RasterizationScale:0.5]]
[2020.12.02-14.19.35:268][  0]LogConfig: Setting CVar [[r.HairStrands.VelocityRasterizationScale:1]]
[2020.12.02-14.19.35:268][  0]LogInit: Selected Device Profile: [Windows]
[2020.12.02-14.19.35:268][  0]LogInit: Applying CVar settings loaded from the selected device profile: [Windows]
[2020.12.02-14.19.35:268][  0]LogHAL: Display: Platform has ~ 16 GB [17057812480 / 17179869184 / 16], which maps to Larger [LargestMinGB=32, LargerMinGB=12, DefaultMinGB=8, SmallerMinGB=6, SmallestMinGB=0)
[2020.12.02-14.19.35:269][  0]LogInit: Going up to parent DeviceProfile []
[2020.12.02-14.19.35:269][  0]LogConfig: Applying CVar settings from Section [ViewDistanceQuality@3] File [D:/Git_Project/Project1/MyProject5/Saved/Config/Windows/Scalability.ini]
[2020.12.02-14.19.35:269][  0]LogConfig: Setting CVar [[r.SkeletalMeshLODBias:0]]
[2020.12.02-14.19.35:269][  0]LogConfig: Setting CVar [[r.ViewDistanceScale:1.0]]
[2020.12.02-14.19.35:269][  0]LogConfig: Applying CVar settings from Section [AntiAliasingQuality@3] File [D:/Git_Project/Project1/MyProject5/Saved/Config/Windows/Scalability.ini]
[2020.12.02-14.19.35:269][  0]LogConfig: Setting CVar [[r.PostProcessAAQuality:4]]
[2020.12.02-14.19.35:269][  0]LogConfig: Applying CVar settings from Section [ShadowQuality@3] File [D:/Git_Project/Project1/MyProject5/Saved/Config/Windows/Scalability.ini]
[2020.12.02-14.19.35:269][  0]LogConfig: Setting CVar [[r.LightFunctionQuality:1]]
[2020.12.02-14.19.35:269][  0]LogConfig: Setting CVar [[r.ShadowQuality:5]]
[2020.12.02-14.19.35:269][  0]LogConfig: Setting CVar [[r.Shadow.CSM.MaxCascades:10]]
[2020.12.02-14.19.35:269][  0]LogConfig: Setting CVar [[r.Shadow.MaxResolution:2048]]
[2020.12.02-14.19.35:269][  0]LogConfig: Setting CVar [[r.Shadow.MaxCSMResolution:2048]]
[2020.12.02-14.19.35:269][  0]LogConfig: Setting CVar [[r.Shadow.RadiusThreshold:0.01]]
[2020.12.02-14.19.35:269][  0]LogConfig: Setting CVar [[r.Shadow.DistanceScale:1.0]]
[2020.12.02-14.19.35:269][  0]LogConfig: Setting CVar [[r.Shadow.CSM.TransitionScale:1.0]]
[2020.12.02-14.19.35:269][  0]LogConfig: Setting CVar [[r.Shadow.PreShadowResolutionFactor:1.0]]
[2020.12.02-14.19.35:269][  0]LogConfig: Setting CVar [[r.DistanceFieldShadowing:1]]
[2020.12.02-14.19.35:269][  0]LogConfig: Setting CVar [[r.DistanceFieldAO:1]]
[2020.12.02-14.19.35:269][  0]LogConfig: Setting CVar [[r.AOQuality:2]]
[2020.12.02-14.19.35:269][  0]LogConfig: Setting CVar [[r.VolumetricFog:1]]
[2020.12.02-14.19.35:269][  0]LogConfig: Setting CVar [[r.VolumetricFog.GridPixelSize:8]]
[2020.12.02-14.19.35:269][  0]LogConfig: Setting CVar [[r.VolumetricFog.GridSizeZ:128]]
[2020.12.02-14.19.35:269][  0]LogConfig: Setting CVar [[r.VolumetricFog.HistoryMissSupersampleCount:4]]
[2020.12.02-14.19.35:269][  0]LogConfig: Setting CVar [[r.LightMaxDrawDistanceScale:1]]
[2020.12.02-14.19.35:269][  0]LogConfig: Setting CVar [[r.CapsuleShadows:1]]
[2020.12.02-14.19.35:269][  0]LogConfig: Applying CVar settings from Section [PostProcessQuality@3] File [D:/Git_Project/Project1/MyProject5/Saved/Config/Windows/Scalability.ini]
[2020.12.02-14.19.35:269][  0]LogConfig: Setting CVar [[r.MotionBlurQuality:4]]
[2020.12.02-14.19.35:269][  0]LogConfig: Setting CVar [[r.AmbientOcclusionMipLevelFactor:0.4]]
[2020.12.02-14.19.35:269][  0]LogConfig: Setting CVar [[r.AmbientOcclusionMaxQuality:100]]
[2020.12.02-14.19.35:269][  0]LogConfig: Setting CVar [[r.AmbientOcclusionLevels:-1]]
[2020.12.02-14.19.35:269][  0]LogConfig: Setting CVar [[r.AmbientOcclusionRadiusScale:1.0]]
[2020.12.02-14.19.35:269][  0]LogConfig: Setting CVar [[r.DepthOfFieldQuality:2]]
[2020.12.02-14.19.35:269][  0]LogConfig: Setting CVar [[r.RenderTargetPoolMin:400]]
[2020.12.02-14.19.35:269][  0]LogConfig: Setting CVar [[r.LensFlareQuality:2]]
[2020.12.02-14.19.35:269][  0]LogConfig: Setting CVar [[r.SceneColorFringeQuality:1]]
[2020.12.02-14.19.35:269][  0]LogConfig: Setting CVar [[r.EyeAdaptationQuality:2]]
[2020.12.02-14.19.35:269][  0]LogConfig: Setting CVar [[r.BloomQuality:5]]
[2020.12.02-14.19.35:269][  0]LogConfig: Setting CVar [[r.FastBlurThreshold:100]]
[2020.12.02-14.19.35:269][  0]LogConfig: Setting CVar [[r.Upscale.Quality:3]]
[2020.12.02-14.19.35:269][  0]LogConfig: Setting CVar [[r.Tonemapper.GrainQuantization:1]]
[2020.12.02-14.19.35:269][  0]LogConfig: Setting CVar [[r.LightShaftQuality:1]]
[2020.12.02-14.19.35:269][  0]LogConfig: Setting CVar [[r.Filter.SizeScale:1]]
[2020.12.02-14.19.35:269][  0]LogConfig: Setting CVar [[r.Tonemapper.Quality:5]]
[2020.12.02-14.19.35:269][  0]LogConfig: Setting CVar [[r.DOF.Gather.AccumulatorQuality:1        ; higher gathering accumulator quality]]
[2020.12.02-14.19.35:269][  0]LogConfig: Setting CVar [[r.DOF.Gather.PostfilterMethod:1          ; Median3x3 postfilering method]]
[2020.12.02-14.19.35:269][  0]LogConfig: Setting CVar [[r.DOF.Gather.EnableBokehSettings:0       ; no bokeh simulation when gathering]]
[2020.12.02-14.19.35:269][  0]LogConfig: Setting CVar [[r.DOF.Gather.RingCount:4                 ; medium number of samples when gathering]]
[2020.12.02-14.19.35:269][  0]LogConfig: Setting CVar [[r.DOF.Scatter.ForegroundCompositing:1    ; additive foreground scattering]]
[2020.12.02-14.19.35:269][  0]LogConfig: Setting CVar [[r.DOF.Scatter.BackgroundCompositing:2    ; additive background scattering]]
[2020.12.02-14.19.35:269][  0]LogConfig: Setting CVar [[r.DOF.Scatter.EnableBokehSettings:1      ; bokeh simulation when scattering]]
[2020.12.02-14.19.35:269][  0]LogConfig: Setting CVar [[r.DOF.Scatter.MaxSpriteRatio:0.1         ; only a maximum of 10% of scattered bokeh]]
[2020.12.02-14.19.35:269][  0]LogConfig: Setting CVar [[r.DOF.Recombine.Quality:1                ; cheap slight out of focus]]
[2020.12.02-14.19.35:269][  0]LogConfig: Setting CVar [[r.DOF.Recombine.EnableBokehSettings:0    ; no bokeh simulation on slight out of focus]]
[2020.12.02-14.19.35:269][  0]LogConfig: Setting CVar [[r.DOF.TemporalAAQuality:1                ; more stable temporal accumulation]]
[2020.12.02-14.19.35:269][  0]LogConfig: Setting CVar [[r.DOF.Kernel.MaxForegroundRadius:0.025]]
[2020.12.02-14.19.35:269][  0]LogConfig: Setting CVar [[r.DOF.Kernel.MaxBackgroundRadius:0.025]]
[2020.12.02-14.19.35:269][  0]LogConfig: Applying CVar settings from Section [TextureQuality@3] File [D:/Git_Project/Project1/MyProject5/Saved/Config/Windows/Scalability.ini]
[2020.12.02-14.19.35:269][  0]LogConfig: Setting CVar [[r.Streaming.MipBias:0]]
[2020.12.02-14.19.35:269][  0]LogConfig: Setting CVar [[r.Streaming.AmortizeCPUToGPUCopy:0]]
[2020.12.02-14.19.35:269][  0]LogConfig: Setting CVar [[r.Streaming.MaxNumTexturesToStreamPerFrame:0]]
[2020.12.02-14.19.35:269][  0]LogConfig: Setting CVar [[r.Streaming.Boost:1]]
[2020.12.02-14.19.35:269][  0]LogConfig: Setting CVar [[r.MaxAnisotropy:8]]
[2020.12.02-14.19.35:269][  0]LogConfig: Setting CVar [[r.VT.MaxAnisotropy:8]]
[2020.12.02-14.19.35:269][  0]LogConfig: Setting CVar [[r.Streaming.LimitPoolSizeToVRAM:0]]
[2020.12.02-14.19.35:269][  0]LogConfig: Setting CVar [[r.Streaming.PoolSize:1000]]
[2020.12.02-14.19.35:269][  0]LogConfig: Setting CVar [[r.Streaming.MaxEffectiveScreenSize:0]]
[2020.12.02-14.19.35:269][  0]LogConfig: Applying CVar settings from Section [EffectsQuality@3] File [D:/Git_Project/Project1/MyProject5/Saved/Config/Windows/Scalability.ini]
[2020.12.02-14.19.35:269][  0]LogConfig: Setting CVar [[r.TranslucencyLightingVolumeDim:64]]
[2020.12.02-14.19.35:269][  0]LogConfig: Setting CVar [[r.RefractionQuality:2]]
[2020.12.02-14.19.35:269][  0]LogConfig: Setting CVar [[r.SSR.Quality:3]]
[2020.12.02-14.19.35:269][  0]LogConfig: Setting CVar [[r.SSR.HalfResSceneColor:0]]
[2020.12.02-14.19.35:269][  0]LogConfig: Setting CVar [[r.SceneColorFormat:4]]
[2020.12.02-14.19.35:270][  0]LogConfig: Setting CVar [[r.DetailMode:2]]
[2020.12.02-14.19.35:270][  0]LogConfig: Setting CVar [[r.TranslucencyVolumeBlur:1]]
[2020.12.02-14.19.35:270][  0]LogConfig: Setting CVar [[r.MaterialQualityLevel:1 ; High quality]]
[2020.12.02-14.19.35:270][  0]LogConfig: Setting CVar [[r.SSS.Scale:1]]
[2020.12.02-14.19.35:270][  0]LogConfig: Setting CVar [[r.SSS.SampleSet:2]]
[2020.12.02-14.19.35:270][  0]LogConfig: Setting CVar [[r.SSS.Quality:1]]
[2020.12.02-14.19.35:270][  0]LogConfig: Setting CVar [[r.SSS.HalfRes:0]]
[2020.12.02-14.19.35:270][  0]LogConfig: Setting CVar [[r.SSGI.Quality:3]]
[2020.12.02-14.19.35:270][  0]LogConfig: Setting CVar [[r.EmitterSpawnRateScale:1.0]]
[2020.12.02-14.19.35:270][  0]LogConfig: Setting CVar [[r.ParticleLightQuality:2]]
[2020.12.02-14.19.35:270][  0]LogConfig: Setting CVar [[r.SkyAtmosphere.AerialPerspectiveLUT.FastApplyOnOpaque:1 ; Always have FastSkyLUT 1 in this case to avoid wrong sky]]
[2020.12.02-14.19.35:270][  0]LogConfig: Setting CVar [[r.SkyAtmosphere.AerialPerspectiveLUT.SampleCountPerSlice:1]]
[2020.12.02-14.19.35:270][  0]LogConfig: Setting CVar [[r.SkyAtmosphere.AerialPerspectiveLUT.DepthResolution:16.0]]
[2020.12.02-14.19.35:270][  0]LogConfig: Setting CVar [[r.SkyAtmosphere.FastSkyLUT:1]]
[2020.12.02-14.19.35:270][  0]LogConfig: Setting CVar [[r.SkyAtmosphere.FastSkyLUT.SampleCountMin:4.0]]
[2020.12.02-14.19.35:270][  0]LogConfig: Setting CVar [[r.SkyAtmosphere.FastSkyLUT.SampleCountMax:32.0]]
[2020.12.02-14.19.35:270][  0]LogConfig: Setting CVar [[r.SkyAtmosphere.SampleCountMin:4.0]]
[2020.12.02-14.19.35:270][  0]LogConfig: Setting CVar [[r.SkyAtmosphere.SampleCountMax:32.0]]
[2020.12.02-14.19.35:270][  0]LogConfig: Setting CVar [[r.SkyAtmosphere.TransmittanceLUT.UseSmallFormat:0]]
[2020.12.02-14.19.35:270][  0]LogConfig: Setting CVar [[r.SkyAtmosphere.TransmittanceLUT.SampleCount:10.0]]
[2020.12.02-14.19.35:270][  0]LogConfig: Setting CVar [[r.SkyAtmosphere.MultiScatteringLUT.SampleCount:15.0]]
[2020.12.02-14.19.35:270][  0]LogConfig: Applying CVar settings from Section [FoliageQuality@3] File [D:/Git_Project/Project1/MyProject5/Saved/Config/Windows/Scalability.ini]
[2020.12.02-14.19.35:270][  0]LogConfig: Setting CVar [[foliage.DensityScale:1.0]]
[2020.12.02-14.19.35:270][  0]LogConfig: Setting CVar [[grass.DensityScale:1.0]]
[2020.12.02-14.19.35:270][  0]LogConfig: Applying CVar settings from Section [ShadingQuality@3] File [D:/Git_Project/Project1/MyProject5/Saved/Config/Windows/Scalability.ini]
[2020.12.02-14.19.35:270][  0]LogConfig: Setting CVar [[r.HairStrands.SkyLighting.SampleCount:16]]
[2020.12.02-14.19.35:270][  0]LogConfig: Setting CVar [[r.HairStrands.SkyLighting.JitterIntegration:0]]
[2020.12.02-14.19.35:270][  0]LogConfig: Setting CVar [[r.HairStrands.SkyAO.SampleCount:16]]
[2020.12.02-14.19.35:270][  0]LogConfig: Setting CVar [[r.HairStrands.DeepShadow.SuperSampling:0]]
[2020.12.02-14.19.35:270][  0]LogConfig: Setting CVar [[r.HairStrands.VisibilityPPLL:0]]
[2020.12.02-14.19.35:270][  0]LogConfig: Setting CVar [[r.HairStrands.RasterizationScale:0.5]]
[2020.12.02-14.19.35:270][  0]LogConfig: Setting CVar [[r.HairStrands.VelocityRasterizationScale:1]]
[2020.12.02-14.19.35:270][  0]LogConfig: Applying CVar settings from Section [Startup] File [../../../Engine/Config/ConsoleVariables.ini]
[2020.12.02-14.19.35:270][  0]LogConfig: Setting CVar [[net.UseAdaptiveNetUpdateFrequency:0]]
[2020.12.02-14.19.35:270][  0]LogConfig: Setting CVar [[p.chaos.AllowCreatePhysxBodies:1]]
[2020.12.02-14.19.35:270][  0]LogConfig: Setting CVar [[fx.SkipVectorVMBackendOptimizations:1]]
[2020.12.02-14.19.35:270][  0]LogConfig: Applying CVar settings from Section [ConsoleVariables] File [D:/Git_Project/Project1/MyProject5/Saved/Config/Windows/Engine.ini]
[2020.12.02-14.19.35:270][  0]LogInit: Computer: LAPTOP-HJPODVGN
[2020.12.02-14.19.35:270][  0]LogInit: User: matcr
[2020.12.02-14.19.35:270][  0]LogInit: CPU Page size=4096, Cores=4
[2020.12.02-14.19.35:270][  0]LogInit: High frequency timer resolution =10.000000 MHz
[2020.12.02-14.19.35:271][  0]LogMemory: Memory total: Physical=15.9GB (16GB approx)
[2020.12.02-14.19.35:271][  0]LogMemory: Platform Memory Stats for Windows
[2020.12.02-14.19.35:271][  0]LogMemory: Process Physical Memory: 118.09 MB used, 118.09 MB peak
[2020.12.02-14.19.35:271][  0]LogMemory: Process Virtual Memory: 99.69 MB used, 99.69 MB peak
[2020.12.02-14.19.35:271][  0]LogMemory: Physical Memory: 8931.03 MB used,  7336.57 MB free, 16267.60 MB total
[2020.12.02-14.19.35:271][  0]LogMemory: Virtual Memory: 5186.31 MB used,  134212544.00 MB free, 134217728.00 MB total
[2020.12.02-14.19.35:276][  0]LogWindows: WindowsPlatformFeatures enabled
[2020.12.02-14.19.35:339][  0]LogInit: Physics initialised using underlying interface: PhysX
[2020.12.02-14.19.35:340][  0]LogInit: Using OS detected language (en-US).
[2020.12.02-14.19.35:340][  0]LogInit: Using OS detected locale (en-CA).
[2020.12.02-14.19.35:341][  0]LogTextLocalizationManager: No specific localization for 'en-US' exists, so the 'en' localization will be used.
[2020.12.02-14.19.35:604][  0]LogInit: Setting process to per monitor DPI aware
[2020.12.02-14.19.35:663][  0]LogSlate: New Slate User Created.  User Index 0, Is Virtual User: 0
[2020.12.02-14.19.35:663][  0]LogSlate: Slate User Registered.  User Index 0, Is Virtual User: 0
[2020.12.02-14.19.35:919][  0]LogHMD: Failed to initialize OpenVR with code 108
[2020.12.02-14.19.35:919][  0]LogD3D11RHI: D3D11 min allowed feature level: 11_0
[2020.12.02-14.19.35:920][  0]LogD3D11RHI: D3D11 max allowed feature level: 11_0
[2020.12.02-14.19.35:920][  0]LogD3D11RHI: D3D11 adapters:
[2020.12.02-14.19.36:018][  0]LogD3D11RHI:    0. 'NVIDIA GeForce GTX 1060' (Feature Level 11_0)
[2020.12.02-14.19.36:018][  0]LogD3D11RHI:       6052/0/8133 MB DedicatedVideo/DedicatedSystem/SharedSystem, Outputs:1, VendorId:0x10de
[2020.12.02-14.19.36:029][  0]LogD3D11RHI:    1. 'Intel(R) HD Graphics 630' (Feature Level 11_0)
[2020.12.02-14.19.36:029][  0]LogD3D11RHI:       128/0/8133 MB DedicatedVideo/DedicatedSystem/SharedSystem, Outputs:1, VendorId:0x8086
[2020.12.02-14.19.36:033][  0]LogD3D11RHI:    2. 'Microsoft Basic Render Driver' (Feature Level 11_0)
[2020.12.02-14.19.36:033][  0]LogD3D11RHI:       0/0/8133 MB DedicatedVideo/DedicatedSystem/SharedSystem, Outputs:0, VendorId:0x1414
[2020.12.02-14.19.36:033][  0]LogD3D11RHI: Chosen D3D11 Adapter: 0
[2020.12.02-14.19.36:041][  0]LogD3D11RHI: Creating new Direct3DDevice
[2020.12.02-14.19.36:041][  0]LogD3D11RHI:     GPU DeviceId: 0x1c20 (for the marketing name, search the web for "GPU Device Id")
[2020.12.02-14.19.36:041][  0]LogWindows: EnumDisplayDevices:
[2020.12.02-14.19.36:041][  0]LogWindows:    0. 'Intel(R) HD Graphics 630' (P:0 D:1)
[2020.12.02-14.19.36:042][  0]LogWindows:    1. 'Intel(R) HD Graphics 630' (P:0 D:0)
[2020.12.02-14.19.36:042][  0]LogWindows:    2. 'Intel(R) HD Graphics 630' (P:0 D:0)
[2020.12.02-14.19.36:042][  0]LogWindows:    3. 'NVIDIA GeForce GTX 1060' (P:1 D:1)
[2020.12.02-14.19.36:043][  0]LogWindows:    4. 'NVIDIA GeForce GTX 1060' (P:0 D:0)
[2020.12.02-14.19.36:043][  0]LogWindows:    5. 'NVIDIA GeForce GTX 1060' (P:0 D:0)
[2020.12.02-14.19.36:043][  0]LogWindows:    6. 'NVIDIA GeForce GTX 1060' (P:0 D:0)
[2020.12.02-14.19.36:044][  0]LogWindows: DebugString: PrimaryIsNotTheChoosenAdapter PrimaryIsNotTheChoosenAdapter PrimaryIsNotTheChoosenAdapter FoundDriverCount:4 
[2020.12.02-14.19.36:044][  0]LogD3D11RHI:     Adapter Name: NVIDIA GeForce GTX 1060
[2020.12.02-14.19.36:044][  0]LogD3D11RHI:   Driver Version: 456.71 (internal:27.21.14.5671, unified:456.71)
[2020.12.02-14.19.36:044][  0]LogD3D11RHI:      Driver Date: 9-30-2020
[2020.12.02-14.19.36:044][  0]LogRHI: Texture pool is 4236 MB (70% of 6052 MB)
[2020.12.02-14.19.36:114][  0]LogD3D11RHI: RHI has support for 64 bit atomics
[2020.12.02-14.19.36:115][  0]LogD3D11RHI: Async texture creation enabled
[2020.12.02-14.19.36:115][  0]LogD3D11RHI: Array index from any shader is supported
[2020.12.02-14.19.36:185][  0]LogD3D11RHI: GPU Timing Frequency: 1000.000000 (Debug: 2 1)
[2020.12.02-14.19.36:562][  0]LogTargetPlatformManager: Display: Loaded TargetPlatform 'AllDesktop'
[2020.12.02-14.19.36:589][  0]LogTargetPlatformManager: Display: Loaded TargetPlatform 'Android'
[2020.12.02-14.19.36:589][  0]LogTargetPlatformManager: Display: Loaded TargetPlatform 'Android_ASTC'
[2020.12.02-14.19.36:589][  0]LogTargetPlatformManager: Display: Loaded TargetPlatform 'Android_DXT'
[2020.12.02-14.19.36:589][  0]LogTargetPlatformManager: Display: Loaded TargetPlatform 'Android_ETC2'
[2020.12.02-14.19.36:589][  0]LogTargetPlatformManager: Display: Loaded TargetPlatform 'AndroidClient'
[2020.12.02-14.19.36:589][  0]LogTargetPlatformManager: Display: Loaded TargetPlatform 'Android_ASTCClient'
[2020.12.02-14.19.36:589][  0]LogTargetPlatformManager: Display: Loaded TargetPlatform 'Android_DXTClient'
[2020.12.02-14.19.36:589][  0]LogTargetPlatformManager: Display: Loaded TargetPlatform 'Android_ETC2Client'
[2020.12.02-14.19.36:589][  0]LogTargetPlatformManager: Display: Loaded TargetPlatform 'Android_Multi'
[2020.12.02-14.19.36:589][  0]LogTargetPlatformManager: Display: Loaded TargetPlatform 'Android_MultiClient'
[2020.12.02-14.19.36:616][  0]LogTargetPlatformManager: Display: Loaded TargetPlatform 'IOSClient'
[2020.12.02-14.19.36:616][  0]LogTargetPlatformManager: Display: Loaded TargetPlatform 'IOS'
[2020.12.02-14.19.36:628][  0]LogTargetPlatformManager: Display: Loaded TargetPlatform 'Linux'
[2020.12.02-14.19.36:640][  0]LogTargetPlatformManager: Display: Loaded TargetPlatform 'LinuxNoEditor'
[2020.12.02-14.19.36:651][  0]LogTargetPlatformManager: Display: Loaded TargetPlatform 'LinuxClient'
[2020.12.02-14.19.36:662][  0]LogTargetPlatformManager: Display: Loaded TargetPlatform 'LinuxServer'
[2020.12.02-14.19.36:673][  0]LogTargetPlatformManager: Display: Loaded TargetPlatform 'LinuxAArch64NoEditor'
[2020.12.02-14.19.36:685][  0]LogTargetPlatformManager: Display: Loaded TargetPlatform 'LinuxAArch64Client'
[2020.12.02-14.19.36:696][  0]LogTargetPlatformManager: Display: Loaded TargetPlatform 'LinuxAArch64Server'
[2020.12.02-14.19.36:725][  0]LogTargetPlatformManager: Display: Loaded TargetPlatform 'Lumin'
[2020.12.02-14.19.36:725][  0]LogTargetPlatformManager: Display: Loaded TargetPlatform 'LuminClient'
[2020.12.02-14.19.36:745][  0]LogTargetPlatformManager: Display: Loaded TargetPlatform 'TVOSClient'
[2020.12.02-14.19.36:745][  0]LogTargetPlatformManager: Display: Loaded TargetPlatform 'TVOS'
[2020.12.02-14.19.36:755][  0]LogTargetPlatformManager: Display: Loaded TargetPlatform 'WindowsNoEditor'
[2020.12.02-14.19.36:767][  0]LogTargetPlatformManager: Display: Loaded TargetPlatform 'Windows'
[2020.12.02-14.19.36:779][  0]LogTargetPlatformManager: Display: Loaded TargetPlatform 'WindowsClient'
[2020.12.02-14.19.36:790][  0]LogTargetPlatformManager: Display: Loaded TargetPlatform 'WindowsServer'
[2020.12.02-14.19.36:790][  0]LogTargetPlatformManager: Display: Building Assets For Windows
[2020.12.02-14.19.36:802][  0]LogAudioDebug: Display: Lib vorbis DLL was dynamically loaded.
[2020.12.02-14.19.36:872][  0]LogShaderCompilers: Guid format shader working directory is -1 characters bigger than the processId version (../../../../../Git_Project/Project1/MyProject5/Intermediate/Shaders/WorkingDirectory/15384/).
[2020.12.02-14.19.36:872][  0]LogShaderCompilers: Cleaned the shader compiler working directory 'C:/Users/matcr/AppData/Local/Temp/UnrealShaderWorkingDir/EB27959149FCA0B911F5E2B59FB3E91C/'.
[2020.12.02-14.19.36:873][  0]LogXGEController: Cannot use XGE Controller as Incredibuild is not installed on this machine.
[2020.12.02-14.19.36:873][  0]LogShaderCompilers: Cannot use XGE Shader Compiler as Incredibuild is not installed on this machine.
[2020.12.02-14.19.36:873][  0]LogShaderCompilers: Display: Using Local Shader Compiler.
[2020.12.02-14.19.37:885][  0]LogDerivedDataCache: Display: Max Cache Size: 512 MB
[2020.12.02-14.19.37:971][  0]LogDerivedDataCache: Loaded boot cache 0.09s 79MB C:/Users/matcr/AppData/Local/UnrealEngine/4.25/DerivedDataCache/Boot.ddc.
[2020.12.02-14.19.37:971][  0]LogDerivedDataCache: Display: Loaded Boot cache: C:/Users/matcr/AppData/Local/UnrealEngine/4.25/DerivedDataCache/Boot.ddc
[2020.12.02-14.19.37:971][  0]LogDerivedDataCache: FDerivedDataBackendGraph:  Pak pak cache file ../../../../../Git_Project/Project1/MyProject5/DerivedDataCache/DDC.ddp not found, will not use a pak cache.
[2020.12.02-14.19.37:972][  0]LogDerivedDataCache: Unable to find inner node Pak for hierarchical cache Hierarchy.
[2020.12.02-14.19.37:972][  0]LogDerivedDataCache: FDerivedDataBackendGraph:  CompressedPak pak cache file ../../../../../Git_Project/Project1/MyProject5/DerivedDataCache/Compressed.ddp not found, will not use a pak cache.
[2020.12.02-14.19.37:972][  0]LogDerivedDataCache: Unable to find inner node CompressedPak for hierarchical cache Hierarchy.
[2020.12.02-14.19.37:985][  0]LogDerivedDataCache: Display: Pak cache opened for reading ../../../Engine/DerivedDataCache/Compressed.ddp.
[2020.12.02-14.19.37:985][  0]LogDerivedDataCache: FDerivedDataBackendGraph:  EnterprisePak pak cache file ../../../Enterprise/DerivedDataCache/Compressed.ddp not found, will not use a pak cache.
[2020.12.02-14.19.37:985][  0]LogDerivedDataCache: Unable to find inner node EnterprisePak for hierarchical cache Hierarchy.
[2020.12.02-14.19.37:987][  0]LogDerivedDataCache: Using Local data cache path C:/Users/matcr/AppData/Local/UnrealEngine/Common/DerivedDataCache: Writable
[2020.12.02-14.19.37:987][  0]LogDerivedDataCache: Shared data cache path not found in *engine.ini, will not use an Shared cache.
[2020.12.02-14.19.37:987][  0]LogDerivedDataCache: Unable to find inner node Shared for hierarchical cache Hierarchy.
[2020.12.02-14.19.38:063][  0]LogSlate: Using FreeType 2.10.0
[2020.12.02-14.19.38:064][  0]LogSlate: SlateFontServices - WITH_FREETYPE: 1, WITH_HARFBUZZ: 1
[2020.12.02-14.19.38:095][  0]LogAssetRegistry: FAssetRegistry took 0.0037 seconds to start up
[2020.12.02-14.19.38:402][  0]LogInit: Selected Device Profile: [Windows]
[2020.12.02-14.19.38:544][  0]LogMeshReduction: Using QuadricMeshReduction for automatic static mesh reduction
[2020.12.02-14.19.38:544][  0]LogMeshReduction: Using SimplygonMeshReduction for automatic skeletal mesh reduction
[2020.12.02-14.19.38:544][  0]LogMeshReduction: Using ProxyLODMeshReduction for automatic mesh merging
[2020.12.02-14.19.38:544][  0]LogMeshReduction: No distributed automatic mesh merging module available
[2020.12.02-14.19.38:544][  0]LogMeshMerging: No distributed automatic mesh merging module available
[2020.12.02-14.19.38:566][  0]LogNetVersion: MyProject5 1.0.0, NetCL: 13144385, EngineNetVer: 14, GameNetVer: 0 (Checksum: 2320164301)
[2020.12.02-14.19.39:117][  0]LogAISub: UAISubsystem::UAISubsystem AISubsystem (0000028A153C4380), frame # 0
[2020.12.02-14.19.39:117][  0]LogAISub: UAISubsystem::UAISubsystem AIPerceptionSystem (0000028A15302AC0), frame # 0
[2020.12.02-14.19.39:124][  0]LogAISub: UAISubsystem::UAISubsystem EnvQueryManager (0000028A15351E00), frame # 0
[2020.12.02-14.19.39:193][  0]LogPackageLocalizationCache: Processed 19 localized package path(s) for 1 prioritized culture(s) in 0.058107 seconds
[2020.12.02-14.19.39:200][  0]LogUObjectArray: 15917 objects as part of root set at end of initial load.
[2020.12.02-14.19.39:200][  0]LogUObjectAllocator: 3965568 out of 0 bytes used by permanent object pool.
[2020.12.02-14.19.39:200][  0]LogUObjectArray: CloseDisregardForGC: 0/0 objects in disregard for GC pool
[2020.12.02-14.19.39:589][  0]LogTcpMessaging: Initializing TcpMessaging bridge
[2020.12.02-14.19.39:594][  0]LogUdpMessaging: Initializing bridge on interface 0.0.0.0:0 to multicast group 230.0.0.1:6666.
[2020.12.02-14.19.39:684][  0]SourceControl: Source control is disabled
[2020.12.02-14.19.39:684][  0]SourceControl: Source control is disabled
[2020.12.02-14.19.39:687][  0]SourceControl: Source control is disabled
[2020.12.02-14.19.39:691][  0]SourceControl: Source control is disabled
[2020.12.02-14.19.39:699][  0]SourceControl: Source control is disabled
[2020.12.02-14.19.39:711][  0]LogVSAccessor: Display: Unable to create Visual Studio setup instance: 80040154
[2020.12.02-14.19.39:713][  0]LogVSAccessor: Display: Unable to create Visual Studio setup instance: 80040154
[2020.12.02-14.19.39:979][  0]LogAndroidPermission: UAndroidPermissionCallbackProxy::GetInstance
[2020.12.02-14.19.40:002][  0]LogAudioCaptureCore: Display: No Audio Capture implementations found. Audio input will be silent.
[2020.12.02-14.19.40:002][  0]LogAudioCaptureCore: Display: No Audio Capture implementations found. Audio input will be silent.
[2020.12.02-14.19.40:059][  0]LogOcInput: OculusInput pre-init called
[2020.12.02-14.19.40:361][  0]LogEngine: Initializing Engine...
[2020.12.02-14.19.40:419][  0]LogHMD: Failed to initialize OpenVR with code 108
[2020.12.02-14.19.40:419][  0]LogMagicLeap: Warning: VR disabled because ZI is not enabled.  To enable, in the editor, Edit -> Project Settings -> Plugins -> Magic Leap Plugin -> Enable Zero Iteration
[2020.12.02-14.19.40:420][  0]LogStats: UGameplayTagsManager::InitializeManager -  0.000 s
[2020.12.02-14.19.40:581][  0]LogInit: Initializing FReadOnlyCVARCache
[2020.12.02-14.19.40:592][  0]LogAIModule: Creating AISystem for world Untitled
[2020.12.02-14.19.40:592][  0]LogAISub: UAISubsystem::UAISubsystem EnvQueryManager (0000028A195BFC00), frame # 0
[2020.12.02-14.19.40:592][  0]LogAISub: UAISubsystem::UAISubsystem AIPerceptionSystem (0000028A195FB100), frame # 0
[2020.12.02-14.19.40:615][  0]LogAudioMixer: Display: Audio Mixer Platform Settings:
[2020.12.02-14.19.40:615][  0]LogAudioMixer: Display: 	Sample Rate:						  48000
[2020.12.02-14.19.40:615][  0]LogAudioMixer: Display: 	Callback Buffer Frame Size Requested: 1024
[2020.12.02-14.19.40:615][  0]LogAudioMixer: Display: 	Callback Buffer Frame Size To Use:	  1024
[2020.12.02-14.19.40:615][  0]LogAudioMixer: Display: 	Number of buffers to queue:			  2
[2020.12.02-14.19.40:615][  0]LogAudioMixer: Display: 	Max Channels (voices):				  32
[2020.12.02-14.19.40:615][  0]LogAudioMixer: Display: 	Number of Async Source Workers:		  0
[2020.12.02-14.19.40:615][  0]LogAudio: Display: AudioDevice MaxSources: 32
[2020.12.02-14.19.40:615][  0]LogAudio: Display: Using built-in audio occlusion.
[2020.12.02-14.19.40:615][  0]LogAudioMixer: Display: Initializing audio mixer.
[2020.12.02-14.19.40:633][  0]LogAudioMixer: Display: 0: FrontLeft
[2020.12.02-14.19.40:633][  0]LogAudioMixer: Display: 1: FrontRight
[2020.12.02-14.19.40:676][  0]LogAudioMixer: Display: Using Audio Device Headphones (Bose AE2 SoundLink Stereo)
[2020.12.02-14.19.40:680][  0]LogAudioMixer: Display: Initializing Sound Submixes...
[2020.12.02-14.19.40:683][  0]LogAudioMixer: Display: Creating Master Submix 'MasterSubmixDefault'
[2020.12.02-14.19.40:683][  0]LogAudioMixer: Display: Creating Master Submix 'MasterReverbSubmixDefault'
[2020.12.02-14.19.40:685][  0]LogAudioMixer: Display: Creating Master Submix 'MasterEQSubmixDefault'
[2020.12.02-14.19.40:686][  0]LogInit: FAudioDevice initialized.
[2020.12.02-14.19.40:686][  0]LogNetVersion: Set ProjectVersion to 1.0.0.0. Version Checksum will be recalculated on next use.
[2020.12.02-14.19.40:761][  0]LogDerivedDataCache: Saved boot cache 0.07s 79MB C:/Users/matcr/AppData/Local/UnrealEngine/4.25/DerivedDataCache/Boot.ddc.
[2020.12.02-14.19.40:772][  0]LogInit: Texture streaming: Enabled
[2020.12.02-14.19.40:797][  0]LogEngineSessionManager: EngineSessionManager initialized
[2020.12.02-14.19.40:798][  0]LogEditorSessionSummary: Verbose: Initializing EditorSessionSummaryWriter for editor session tracking
[2020.12.02-14.19.40:801][  0]LogEditorSessionSummary: EditorSessionSummaryWriter initialized
[2020.12.02-14.19.40:867][  0]LogInit: Transaction tracking system initialized
[2020.12.02-14.19.40:891][  0]BlueprintLog: New page: Editor Load
[2020.12.02-14.19.40:962][  0]LocalizationService: Localization service is disabled
[2020.12.02-14.19.41:050][  0]LogVSAccessor: Display: Unable to create Visual Studio setup instance: 80040154
[2020.12.02-14.19.41:050][  0]LogVSAccessor: Display: Unable to create Visual Studio setup instance: 80040154
[2020.12.02-14.19.41:130][  0]LogCook: Display: Max memory allowance for cook 16384mb min free memory 0mb
[2020.12.02-14.19.41:130][  0]LogFileCache: Scanning file cache for directory 'D:/Git_Project/Project1/MyProject5/Content/' took 0.00s
[2020.12.02-14.19.41:130][  0]LogCook: Display: Mobile HDR setting 1
[2020.12.02-14.19.41:508][  0]SourceControl: Source control is disabled
[2020.12.02-14.19.41:508][  0]LogUnrealEdMisc: Loading editor; pre map load, took 8.406
[2020.12.02-14.19.41:508][  0]Cmd: MAP LOAD FILE="../../../Engine/Content/Maps/Templates/Template_Default.umap" TEMPLATE=1 SHOWPROGRESS=1 FEATURELEVEL=3
[2020.12.02-14.19.41:508][  0]LightingResults: New page: Lighting Build
[2020.12.02-14.19.41:509][  0]LogWorld: UWorld::CleanupWorld for Untitled, bSessionEnded=true, bCleanupResources=true
[2020.12.02-14.19.41:509][  0]LogSlate: InvalidateAllWidgets triggered.  All widgets were invalidated
[2020.12.02-14.19.41:509][  0]MapCheck: New page: Map Check
[2020.12.02-14.19.41:509][  0]LightingResults: New page: Lighting Build
[2020.12.02-14.19.41:518][  0]LogAISub: UAISubsystem::~UAISubsystem EnvQueryManager (0000028A195BFC00), frame # 0
[2020.12.02-14.19.41:518][  0]LogAISub: UAISubsystem::~UAISubsystem AIPerceptionSystem (0000028A195FB100), frame # 0
[2020.12.02-14.19.41:519][  0]LogUObjectHash: Compacting FUObjectHashTables data took   1.02ms
[2020.12.02-14.19.41:596][  0]LogAIModule: Creating AISystem for world Untitled_1
[2020.12.02-14.19.41:596][  0]LogAISub: UAISubsystem::UAISubsystem EnvQueryManager (0000028A0C526000), frame # 0
[2020.12.02-14.19.41:596][  0]LogAISub: UAISubsystem::UAISubsystem AIPerceptionSystem (0000028A0C61A200), frame # 0
[2020.12.02-14.19.41:602][  0]LogEditorServer: Finished looking for orphan Actors (0.000 secs)
[2020.12.02-14.19.41:613][  0]LogUObjectHash: Compacting FUObjectHashTables data took   1.12ms
[2020.12.02-14.19.41:614][  0]Cmd: MAP CHECKDEP NOCLEARLOG
[2020.12.02-14.19.41:614][  0]MapCheck: Map check complete: 0 Error(s), 0 Warning(s), took 0.121ms to complete.
[2020.12.02-14.19.41:614][  0]LogFileHelpers: Loading map 'Template_Default' took 0.106
[2020.12.02-14.19.41:615][  0]LogUnrealEdMisc: Total Editor Startup Time, took 8.514
[2020.12.02-14.19.41:773][  0]LogSlate: Updating window title bar state: overlay mode, drag disabled, window buttons hidden, title bar hidden
[2020.12.02-14.19.41:782][  0]LogSlate: Updating window title bar state: overlay mode, drag disabled, window buttons hidden, title bar hidden
[2020.12.02-14.19.41:793][  0]LogSlate: Updating window title bar state: overlay mode, drag disabled, window buttons hidden, title bar hidden
[2020.12.02-14.19.41:804][  0]LogSlate: Updating window title bar state: overlay mode, drag disabled, window buttons hidden, title bar hidden
[2020.12.02-14.19.41:811][  0]LogCollectionManager: Loaded 0 collections in 0.001000 seconds
[2020.12.02-14.19.41:829][  0]LogFileCache: Scanning file cache for directory 'D:/Git_Project/Project1/MyProject5/Saved/Collections/' took 0.00s
[2020.12.02-14.19.41:829][  0]LogFileCache: Scanning file cache for directory 'D:/Git_Project/Project1/MyProject5/Content/Developers/matcr/Collections/' took 0.00s
[2020.12.02-14.19.41:829][  0]LogFileCache: Scanning file cache for directory 'D:/Git_Project/Project1/MyProject5/Content/Collections/' took 0.00s
[2020.12.02-14.19.41:829][  0]LogContentBrowser: Native class hierarchy populated in 0.0109 seconds. Added 3427 classes and 821 folders.
[2020.12.02-14.19.41:834][  0]LogContentBrowser: Native class hierarchy updated for 'WidgetCarousel' in 0.0004 seconds. Added 0 classes and 0 folders.
[2020.12.02-14.19.41:885][  0]LogContentBrowser: Native class hierarchy updated for 'AddContentDialog' in 0.0003 seconds. Added 0 classes and 0 folders.
[2020.12.02-14.19.41:886][  0]LogContentBrowser: Native class hierarchy updated for 'SceneOutliner' in 0.0003 seconds. Added 2 classes and 0 folders.
[2020.12.02-14.19.41:994][  0]LogSlate: Took 0.000223 seconds to synchronously load lazily loaded font '../../../Engine/Content/Slate/Fonts/Roboto-Regular.ttf' (155K)
[2020.12.02-14.19.41:996][  0]LogSlate: Took 0.000150 seconds to synchronously load lazily loaded font '../../../Engine/Content/Slate/Fonts/Roboto-Bold.ttf' (160K)
[2020.12.02-14.19.42:001][  0]LogSlate: Took 0.000255 seconds to synchronously load lazily loaded font '../../../Engine/Content/Editor/Slate/Fonts/FontAwesome.ttf' (139K)
[2020.12.02-14.19.42:101][  0]LogRenderer: Reallocating scene render targets to support 1208x572 Format 10 NumSamples 1 (Frame:1).
[2020.12.02-14.19.42:717][  0]LogSlate: Window 'Tutorials' being destroyed
[2020.12.02-14.19.42:732][  0]LogContentBrowser: Native class hierarchy updated for 'HierarchicalLODOutliner' in 0.0004 seconds. Added 0 classes and 0 folders.
[2020.12.02-14.19.42:732][  0]LogLoad: (Engine Initialization) Total time: 9.63 seconds
[2020.12.02-14.19.42:732][  0]LogLoad: (Engine Initialization) Total Blueprint compile time: 0.00 seconds
[2020.12.02-14.19.42:796][  0]LogAssetRegistry: Asset discovery search completed in 4.7017 seconds
[2020.12.02-14.19.42:805][  0]LogCollectionManager: Fixed up redirectors for 0 collections in 0.000004 seconds (updated 0 objects)
[2020.12.02-14.19.42:806][  0]LogContentStreaming: Texture pool size now 1000 MB
[2020.12.02-14.20.05:351][363]LogSlate: Took 0.000146 seconds to synchronously load lazily loaded font '../../../Engine/Content/Slate/Fonts/Roboto-Light.ttf' (167K)
[2020.12.02-14.20.07:948][363]LogSlate: Window 'Pick Parent Class' being destroyed
[2020.12.02-14.20.08:017][363]LogSlate: Took 0.000148 seconds to synchronously load lazily loaded font '../../../Engine/Content/Slate/Fonts/Roboto-Light.ttf' (167K)
[2020.12.02-14.21.05:725][821]LogAssetEditorSubsystem: Opening Asset editor for Blueprint /Game/NewBlueprint.NewBlueprint
[2020.12.02-14.21.06:006][821]LogContentBrowser: Native class hierarchy updated for 'BlueprintGraph' in 0.0005 seconds. Added 125 classes and 0 folders.
[2020.12.02-14.21.07:241][822]LogRenderer: Reallocating scene render targets to support 1208x624 Format 10 NumSamples 1 (Frame:1).
[2020.12.02-14.21.10:570][983]LogRenderer: Reallocating scene render targets to support 1208x628 Format 10 NumSamples 1 (Frame:164).
[2020.12.02-14.21.10:691][983]LogRenderer: Reallocating scene render targets to support 1208x640 Format 10 NumSamples 1 (Frame:166).
[2020.12.02-14.21.10:759][983]LogRenderer: Reallocating scene render targets to support 1208x656 Format 10 NumSamples 1 (Frame:167).
[2020.12.02-14.21.10:837][983]LogRenderer: Reallocating scene render targets to support 1208x672 Format 10 NumSamples 1 (Frame:168).
[2020.12.02-14.21.10:913][983]LogRenderer: Reallocating scene render targets to support 1208x684 Format 10 NumSamples 1 (Frame:169).
[2020.12.02-14.21.10:981][983]LogRenderer: Reallocating scene render targets to support 1208x704 Format 10 NumSamples 1 (Frame:170).
[2020.12.02-14.21.11:069][983]LogRenderer: Reallocating scene render targets to support 1208x720 Format 10 NumSamples 1 (Frame:171).
[2020.12.02-14.21.11:156][983]LogRenderer: Reallocating scene render targets to support 1208x724 Format 10 NumSamples 1 (Frame:172).
[2020.12.02-14.21.11:338][990]LogSlate: Took 0.015466 seconds to synchronously load lazily loaded font '../../../Engine/Content/Slate/Fonts/Roboto-Italic.ttf' (157K)
[2020.12.02-14.23.03:386][554]BlueprintLog: New page: Compile NewBlueprint
[2020.12.02-14.23.03:431][554]LogUObjectHash: Compacting FUObjectHashTables data took   2.60ms
[2020.12.02-14.23.04:989][634]Cmd: OBJ SAVEPACKAGE PACKAGE="/Game/NewBlueprint" FILE="../../../../../Git_Project/Project1/MyProject5/Content/NewBlueprint.uasset" SILENT=true
[2020.12.02-14.23.05:010][634]LogSavePackage: Moving '../../../../../Git_Project/Project1/MyProject5/Saved/NewBlueprint7A14D6734418FE85E01FC09CC61CEA00.tmp' to '../../../../../Git_Project/Project1/MyProject5/Content/NewBlueprint.uasset'
[2020.12.02-14.23.05:036][634]AssetCheck: New page: Asset Save: NewBlueprint
[2020.12.02-14.23.05:036][634]LogContentValidation: Display: Validating Blueprint /Game/NewBlueprint.NewBlueprint
[2020.12.02-14.23.06:367][707]LogSlate: Window 'NewBlueprint' being destroyed
[2020.12.02-14.23.06:371][707]LogSlate: Window 'NewBlueprint' being destroyed
[2020.12.02-14.23.06:388][707]LogWorld: UWorld::CleanupWorld for World_0, bSessionEnded=true, bCleanupResources=true
[2020.12.02-14.23.06:388][707]LogSlate: InvalidateAllWidgets triggered.  All widgets were invalidated
[2020.12.02-14.23.22:925][663]Cmd: BRUSH ADD SELECTNEWBRUSH
[2020.12.02-14.23.34:072][318]LogEditorViewport: Clicking on Actor (LMB): BP_Sky_Sphere_C (Sky Sphere)
[2020.12.02-14.23.46:184][ 32]Cmd: BRUSH ADD SELECTNEWBRUSH
[2020.12.02-14.24.00:202][854]Cmd: TRANSACTION UNDO
[2020.12.02-14.24.00:202][854]LogEditorTransaction: Undo Move Actors
[2020.12.02-14.24.04:813][105]LogMaterial: Display: Missing cached shader map for material LayerVisMaterial, compiling. 
[2020.12.02-14.24.04:837][105]LogMaterial: Display: Missing cached shader map for material SelectBrushMaterial, compiling. 
[2020.12.02-14.24.04:860][105]LogShaderCompilers: Display: Worker (1/5): shaders left to compile 6
[2020.12.02-14.24.04:860][105]LogShaderCompilers: Display: Worker (2/5): shaders left to compile 4
[2020.12.02-14.24.04:860][105]LogShaderCompilers: Display: Worker (3/5): shaders left to compile 2
[2020.12.02-14.24.04:860][105]LogMaterial: Display: Missing cached shader map for material SelectBrushMaterial, compiling. 
[2020.12.02-14.24.04:877][105]LogMaterial: Display: Missing cached shader map for material MaskBrushMaterial, compiling. 
[2020.12.02-14.24.04:897][105]LogMaterial: Display: Missing cached shader map for material ColorMaskBrushMaterial, compiling. 
[2020.12.02-14.24.04:915][105]LogMaterial: Display: Missing cached shader map for material LandscapeDirtyMaterial, compiling. 
[2020.12.02-14.24.04:947][105]LogShaderCompilers: Display: Worker (4/5): shaders left to compile 72
[2020.12.02-14.24.04:947][105]LogMaterial: Display: Missing cached shader map for material LandscapeLayerUsageMaterial, compiling. 
[2020.12.02-14.24.04:995][105]LogMaterial: Display: Missing cached shader map for material CircleBrushMaterial, compiling. 
[2020.12.02-14.24.05:012][105]LogMaterial: Display: Missing cached shader map for material CircleBrushMaterial, compiling. 
[2020.12.02-14.24.05:032][105]LogMaterial: Display: Missing cached shader map for material CircleBrushMaterial, compiling. 
[2020.12.02-14.24.05:053][105]LogMaterial: Display: Missing cached shader map for material CircleBrushMaterial, compiling. 
[2020.12.02-14.24.05:073][105]LogMaterial: Display: Missing cached shader map for material AlphaBrushMaterial, compiling. 
[2020.12.02-14.24.05:090][105]LogMaterial: Display: Missing cached shader map for material CircleBrushMaterial, compiling. 
[2020.12.02-14.24.05:108][105]LogMaterial: Display: Missing cached shader map for material MaskBrushMaterial, compiling. 
[2020.12.02-14.24.05:133][105]LogTexture: Display: Building textures: Texture2D_2 (G8, 128X128)
[2020.12.02-14.24.06:320][161]LogShaderCompilers: Display: Worker (3/5): shaders left to compile 212
[2020.12.02-14.24.06:705][170]LogShaderCompilers: Display: Worker (2/5): shaders left to compile 202
[2020.12.02-14.24.06:762][173]LogShaderCompilers: Display: Worker (1/5): shaders left to compile 192
[2020.12.02-14.24.11:952][443]LogShaderCompilers: Display: Worker (3/5): shaders left to compile 182
[2020.12.02-14.24.12:589][481]LogShaderCompilers: Display: Worker (1/5): shaders left to compile 172
[2020.12.02-14.24.12:744][488]LogShaderCompilers: Display: Worker (4/5): shaders left to compile 162
[2020.12.02-14.24.12:935][495]LogShaderCompilers: Display: Worker (2/5): shaders left to compile 152
[2020.12.02-14.24.17:999][764]LogShaderCompilers: Display: Worker (3/5): shaders left to compile 142
[2020.12.02-14.24.18:331][780]LogShaderCompilers: Display: Worker (1/5): shaders left to compile 132
[2020.12.02-14.24.18:659][799]LogShaderCompilers: Display: Worker (2/5): shaders left to compile 122
[2020.12.02-14.24.19:429][845]LogShaderCompilers: Display: Worker (4/5): shaders left to compile 112
[2020.12.02-14.24.20:060][873]LogGeometryMode: Warning: Unable to find LinearStairBrush Brush(s) in new BSP
[2020.12.02-14.24.20:061][873]LogGeometryMode: Warning: Unable to find all previously selected geometry data, resetting selection
[2020.12.02-14.24.23:742][ 62]LogShaderCompilers: Display: Worker (3/5): shaders left to compile 102
[2020.12.02-14.24.24:281][ 89]LogEditorViewport: Clicking on Actor (LMB): Brush (Linear Stair Brush)
[2020.12.02-14.24.24:350][ 91]LogEditorViewport: Clicking on Actor (double click): Brush (Linear Stair Brush)
[2020.12.02-14.24.24:641][107]LogEditorViewport: Clicking on Actor (LMB): Brush (Linear Stair Brush)
[2020.12.02-14.24.24:942][123]LogShaderCompilers: Display: Worker (1/5): shaders left to compile 92
[2020.12.02-14.24.24:942][123]LogShaderCompilers: Display: Worker (2/5): shaders left to compile 82
[2020.12.02-14.24.25:290][143]LogEditorViewport: Clicking on Actor (LMB): BP_Sky_Sphere_C (Sky Sphere)
[2020.12.02-14.24.25:599][160]LogShaderCompilers: Display: Worker (4/5): shaders left to compile 72
[2020.12.02-14.24.30:499][428]LogShaderCompilers: Display: Worker (3/5): shaders left to compile 62
[2020.12.02-14.24.30:753][443]LogShaderCompilers: Display: Worker (2/5): shaders left to compile 52
[2020.12.02-14.24.30:925][453]LogShaderCompilers: Display: Worker (1/5): shaders left to compile 42
[2020.12.02-14.24.33:118][579]LogShaderCompilers: Display: Worker (4/5): shaders left to compile 32
[2020.12.02-14.24.36:388][762]Cmd: EDIT COPY
[2020.12.02-14.24.36:446][765]LogShaderCompilers: Display: Worker (3/5): shaders left to compile 23
[2020.12.02-14.24.36:734][781]Cmd: EDIT PASTE
[2020.12.02-14.24.36:940][791]LogShaderCompilers: Display: Worker (1/5): shaders left to compile 17
[2020.12.02-14.24.37:145][803]LogShaderCompilers: Display: Worker (2/5): shaders left to compile 12
[2020.12.02-14.24.39:011][900]LogShaderCompilers: Display: Worker (4/5): shaders left to compile 8
[2020.12.02-14.24.39:419][924]LogShaderCompilers: Display: Worker (1/5): shaders left to compile 5
[2020.12.02-14.24.40:610][993]LogShaderCompilers: Display: Worker (1/5): shaders left to compile 3
[2020.12.02-14.24.40:630][994]LogShaderCompilers: Display: Worker (4/5): shaders left to compile 2
[2020.12.02-14.24.40:795][  4]LogShaderCompilers: Display: Worker (3/5): shaders left to compile 1
[2020.12.02-14.24.43:196][140]LogEditorViewport: Clicking on Actor (LMB): NewBlueprint_C (NewBlueprint)
[2020.12.02-14.25.17:932][187]LogEditorViewport: Clicking on Actor (LMB): BP_Sky_Sphere_C (Sky Sphere)
[2020.12.02-14.25.27:481][750]LogEditorViewport: Clicking on Actor (LMB): BP_Sky_Sphere_C (Sky Sphere)
[2020.12.02-14.25.43:024][662]LogEditorViewport: Clicking on Actor (LMB): BP_Sky_Sphere_C (Sky Sphere)
[2020.12.02-14.25.51:145][147]Cmd: SELECT NONE
[2020.12.02-14.25.53:584][292]LogEditorViewport: Clicking on Actor (LMB): BP_Sky_Sphere_C (Sky Sphere)
[2020.12.02-14.25.57:728][379]LogSlate: Window 'Save Level As' being destroyed
[2020.12.02-14.25.57:764][379]Cmd: OBJ SAVEPACKAGE PACKAGE="/Game/Maps/NewMap" FILE="../../../../../Git_Project/Project1/MyProject5/Content/Maps/NewMap.umap" SILENT=true AUTOSAVING=false KEEPDIRTY=false
[2020.12.02-14.25.57:793][379]LogUObjectHash: Compacting FUObjectHashTables data took   2.70ms
[2020.12.02-14.25.57:831][379]LogSavePackage: Moving '../../../../../Git_Project/Project1/MyProject5/Saved/NewMap1A664B71417CF4412E11BB919D1B10C0.tmp' to '../../../../../Git_Project/Project1/MyProject5/Content/Maps/NewMap.umap'
[2020.12.02-14.25.57:867][379]Cmd: OBJ SAVEPACKAGE PACKAGE="/Game/Maps/NewMap_BuiltData" FILE="../../../../../Git_Project/Project1/MyProject5/Content/Maps/NewMap_BuiltData.uasset" SILENT=true
[2020.12.02-14.25.57:885][379]LogSavePackage: Moving '../../../../../Git_Project/Project1/MyProject5/Saved/NewMap_BuiltDataEFAA91BF4E7009C98449A4B2F71445DD.tmp' to '../../../../../Git_Project/Project1/MyProject5/Content/Maps/NewMap_BuiltData.uasset'
[2020.12.02-14.25.57:891][379]LogFileHelpers: Saving map 'NewMap' took 0.153
[2020.12.02-14.25.57:903][379]AssetCheck: New page: Asset Save: multiple assets
[2020.12.02-14.25.57:903][379]LogContentValidation: Display: Validating World /Game/Maps/NewMap.NewMap
[2020.12.02-14.25.57:903][379]LogContentValidation: Display: Validating MapBuildDataRegistry /Game/Maps/NewMap_BuiltData.NewMap_BuiltData
